<?xml version="1.0" encoding="UTF-8"?>
<testsuites name="Mocha Tests" time="0.202" tests="2" failures="1">
  <testsuite name="Root Suite" timestamp="2019-09-30T21:35:27" tests="0" failures="0" time="0">
  </testsuite>
  <testsuite name="Actions" timestamp="2019-09-30T21:35:27" tests="2" failures="1" time="0.202">
    <testcase name="Actions when a new candidate is posted, it shows up on the page" time="0.202" classname="when a new candidate is posted, it shows up on the page">
    </testcase>
    <testcase name="Actions fail" time="0" classname="fail">
      <failure message="Timed out retrying: Expected to find element: &apos;.candidate[candidateId=&quot;7&quot;]&apos;, but never found it." type="CypressError"><![CDATA[CypressError: Timed out retrying: Expected to find element: '.candidate[candidateId="7"]', but never found it.
    at Object.cypressErr (http://localhost:8080/__cypress/runner/cypress_runner.js:85348:11)
    at Object.throwErr (http://localhost:8080/__cypress/runner/cypress_runner.js:85303:18)
    at Object.throwErrByPath (http://localhost:8080/__cypress/runner/cypress_runner.js:85335:17)
    at retry (http://localhost:8080/__cypress/runner/cypress_runner.js:77321:16)
    at onFailFn (http://localhost:8080/__cypress/runner/cypress_runner.js:68422:16)
    at tryCatcher (http://localhost:8080/__cypress/runner/cypress_runner.js:118962:23)
    at Promise._settlePromiseFromHandler (http://localhost:8080/__cypress/runner/cypress_runner.js:116898:31)
    at Promise._settlePromise (http://localhost:8080/__cypress/runner/cypress_runner.js:116955:18)
    at Promise._settlePromise0 (http://localhost:8080/__cypress/runner/cypress_runner.js:117000:10)
    at Promise._settlePromises (http://localhost:8080/__cypress/runner/cypress_runner.js:117075:18)
    at Async../node_modules/bluebird/js/release/async.js.Async._drainQueue (http://localhost:8080/__cypress/runner/cypress_runner.js:113687:16)
    at Async../node_modules/bluebird/js/release/async.js.Async._drainQueues (http://localhost:8080/__cypress/runner/cypress_runner.js:113697:10)
    at Async.drainQueues (http://localhost:8080/__cypress/runner/cypress_runner.js:113571:14)
    at <anonymous>]]></failure>
    </testcase>
  </testsuite>
</testsuites>